c:\users\user\documents\2курс1сем\smd-2024\smd_2024_project\smd_2024_project\debug\vc143.pdb
c:\users\user\documents\2курс1сем\smd-2024\smd_2024_project\smd_2024_project\debug\vc143.idb
c:\users\user\documents\2курс1сем\smd-2024\smd_2024_project\smd_2024_project\debug\smd-2024.obj
c:\users\user\documents\2курс1сем\smd-2024\smd_2024_project\smd_2024_project\debug\semanalysis.obj
c:\users\user\documents\2курс1сем\smd-2024\smd_2024_project\smd_2024_project\debug\polishnotation.obj
c:\users\user\documents\2курс1сем\smd-2024\smd_2024_project\smd_2024_project\debug\parm.obj
c:\users\user\documents\2курс1сем\smd-2024\smd_2024_project\smd_2024_project\debug\out.obj
c:\users\user\documents\2курс1сем\smd-2024\smd_2024_project\smd_2024_project\debug\mfst.obj
c:\users\user\documents\2курс1сем\smd-2024\smd_2024_project\smd_2024_project\debug\lt.obj
c:\users\user\documents\2курс1сем\smd-2024\smd_2024_project\smd_2024_project\debug\log.obj
c:\users\user\documents\2курс1сем\smd-2024\smd_2024_project\smd_2024_project\debug\it.obj
c:\users\user\documents\2курс1сем\smd-2024\smd_2024_project\smd_2024_project\debug\in.obj
c:\users\user\documents\2курс1сем\smd-2024\smd_2024_project\smd_2024_project\debug\grb.obj
c:\users\user\documents\2курс1сем\smd-2024\smd_2024_project\smd_2024_project\debug\fst.obj
c:\users\user\documents\2курс1сем\smd-2024\smd_2024_project\smd_2024_project\debug\error.obj
c:\users\user\documents\2курс1сем\smd-2024\smd_2024_project\smd_2024_project\debug\codegenerator.obj
c:\users\user\documents\2курс1сем\smd-2024\smd_2024_project\debug\smd_2024_project.exe
c:\users\user\documents\2курс1сем\smd-2024\smd_2024_project\debug\smd_2024_project.pdb
c:\users\user\documents\2курс1сем\smd-2024\smd_2024_project\smd_2024_project\debug\smd_2024_project.ilk
c:\users\user\documents\2курс1сем\smd-2024\smd_2024_project\smd_2024_project\debug\smd_2024_project.tlog\cl.command.1.tlog
c:\users\user\documents\2курс1сем\smd-2024\smd_2024_project\smd_2024_project\debug\smd_2024_project.tlog\cl.items.tlog
c:\users\user\documents\2курс1сем\smd-2024\smd_2024_project\smd_2024_project\debug\smd_2024_project.tlog\cl.read.1.tlog
c:\users\user\documents\2курс1сем\smd-2024\smd_2024_project\smd_2024_project\debug\smd_2024_project.tlog\cl.write.1.tlog
c:\users\user\documents\2курс1сем\smd-2024\smd_2024_project\smd_2024_project\debug\smd_2024_project.tlog\link.command.1.tlog
c:\users\user\documents\2курс1сем\smd-2024\smd_2024_project\smd_2024_project\debug\smd_2024_project.tlog\link.read.1.tlog
c:\users\user\documents\2курс1сем\smd-2024\smd_2024_project\smd_2024_project\debug\smd_2024_project.tlog\link.secondary.1.tlog
c:\users\user\documents\2курс1сем\smd-2024\smd_2024_project\smd_2024_project\debug\smd_2024_project.tlog\link.write.1.tlog
